
2018-08-14 17:18:41:
构建服务器收到用户[diaoxr3]构建请求,开始排队构建...

2018-08-14 17:18:41:
排队完成！开始构建app...

2018-08-14 17:18:41:
获取到用户配置的系统默认的插件：[cordova-plugin-compat]...

2018-08-14 17:18:41:
获取到用户配置的系统默认的插件：[cordova-plugin-file]...

2018-08-14 17:18:41:
获取到用户配置的系统默认的插件：[cordova-plugin-http]...

2018-08-14 17:18:41:
获取到用户配置的系统默认的插件：[cordova-plugin-camera]...

2018-08-14 17:18:41:
用户没有配置默认证书，将使用系统默认证书...

2018-08-14 17:18:41:
获取到构建使用的证书别名：[ump]...

createCordovaProject:
     [echo] === start create cordova project ===
     [echo] /usr/local/bin/cordova create /Users/ispace/BuildServer/umpfiles/userfiles/5175/27260/project/ljjxs
     [echo] 			com.yonyou.ljjxs 郎酒CRM
     [echo] 		
     [exec] Creating a new cordova project.
     [echo] === end create cordova project ===

BUILD SUCCESSFUL
Total time: 2 seconds

addPlatform:
     [echo] add platform
     [echo] cordova platform add android@/Users/ispace/BuildServer/umpfiles/cordovaLibs/platforms/cordova-android.tgz --save
     [exec] Using cordova-fetch for cordova-android@/Users/ispace/BuildServer/umpfiles/cordovaLibs/platforms/cordova-android.tgz
     [exec] Adding android project...
     [exec] Creating Cordova project for the Android platform:
     [exec] 	Path: platforms/android
     [exec] 	Package: com.yonyou.ljjxs
     [exec] 	Name: __CRM
     [exec] 	Activity: MainActivity
     [exec] 	Android target: android-25
     [exec] Subproject Path: CordovaLib
     [exec] Android project created with cordova-android@6.1.2
     [exec] Discovered plugin "cordova-plugin-whitelist" in config.xml. Adding it to the project
     [exec] Installing "cordova-plugin-whitelist" for android
     [exec] 
     [exec]                This plugin is only applicable for versions of cordova-android greater than 4.0. If you have a previous platform version, you do *not* need this plugin since the whitelist will be built in.
     [exec]           
     [exec] Adding cordova-plugin-whitelist to package.json
     [exec] Saved plugin info for "cordova-plugin-whitelist" to config.xml
     [exec] --save flag or autosave detected
     [exec] Saving android@/Users/ispace/BuildServer/umpfiles/cordovaLibs/platforms/cordova-android.tgz into config.xml file ...
     [echo] === end add platform===

BUILD SUCCESSFUL
Total time: 15 seconds

initCordovaPlugins:
     [echo] add plugin in cordovaproject
     [echo]  start add plugin /Users/ispace/BuildServer/umpfiles/userfiles/5175/27260/input/summer-plugin-android-template 
     [exec] Installing "summer-plugin-android-template" for android
     [echo]  end add plugin /Users/ispace/BuildServer/umpfiles/userfiles/5175/27260/input/summer-plugin-android-template 
     [echo]  start add plugin /Users/ispace/BuildServer/umpfiles/cordovaLibs/plugins/system/common/summer-plugin-apm 
     [exec] Installing "summer-plugin-apm" for android
     [echo]  end add plugin /Users/ispace/BuildServer/umpfiles/cordovaLibs/plugins/system/common/summer-plugin-apm 
     [echo]  start add plugin /Users/ispace/BuildServer/umpfiles/cordovaLibs/plugins/system/common/summer-plugin-core 
     [exec] Installing "summer-plugin-core" for android
     [echo]  end add plugin /Users/ispace/BuildServer/umpfiles/cordovaLibs/plugins/system/common/summer-plugin-core 
     [echo]  start add plugin /Users/ispace/BuildServer/umpfiles/cordovaLibs/plugins/system/common/summer-plugin-frame 
     [exec] Installing "summer-plugin-frame" for android
     [echo]  end add plugin /Users/ispace/BuildServer/umpfiles/cordovaLibs/plugins/system/common/summer-plugin-frame 
     [echo]  start add plugin /Users/ispace/BuildServer/umpfiles/cordovaLibs/plugins/system/common/summer-plugin-service 
     [exec] Installing "summer-plugin-service" for android
     [echo]  end add plugin /Users/ispace/BuildServer/umpfiles/cordovaLibs/plugins/system/common/summer-plugin-service 
     [echo]  start add plugin /Users/ispace/BuildServer/umpfiles/cordovaLibs/plugins/system/android/common/summer-plugin-android-resource 
     [exec] Installing "summer-plugin-android-resource" for android
     [exec] Subproject Path: CordovaLib
     [echo]  end add plugin /Users/ispace/BuildServer/umpfiles/cordovaLibs/plugins/system/android/common/summer-plugin-android-resource 
     [echo]  start add plugin /Users/ispace/BuildServer/umpfiles/cordovaLibs/plugins/system/android/release/summer-plugin-android-release 
     [exec] Installing "summer-plugin-android-release" for android
     [exec] Subproject Path: CordovaLib
     [echo]  end add plugin /Users/ispace/BuildServer/umpfiles/cordovaLibs/plugins/system/android/release/summer-plugin-android-release 
     [echo]  start add plugin /Users/ispace/BuildServer/umpfiles/cordovaLibs/plugins/cordova/cordova-plugin-compat 
     [exec] Installing "cordova-plugin-compat" for android
     [echo]  end add plugin /Users/ispace/BuildServer/umpfiles/cordovaLibs/plugins/cordova/cordova-plugin-compat 
     [echo]  start add plugin /Users/ispace/BuildServer/umpfiles/cordovaLibs/plugins/cordova/cordova-plugin-file 
     [exec] Installing "cordova-plugin-file" for android
     [exec] Plugin dependency "cordova-plugin-compat@1.1.0" already fetched, using that version.
     [exec] Dependent plugin "cordova-plugin-compat" already installed on android.
     [exec] 
     [exec] The Android Persistent storage location now defaults to "Internal". Please check this plugin's README to see if your application needs any changes in its config.xml.
     [exec] 
     [exec] If this is a new application no changes are required.
     [exec] 
     [exec] If this is an update to an existing application that did not specify an "AndroidPersistentFileLocation" you may need to add:
     [exec] 
     [exec]       "<preference name="AndroidPersistentFileLocation" value="Compatibility" />"
     [exec] 
     [exec] to config.xml in order for the application to find previously stored files.
     [exec]         
     [echo]  end add plugin /Users/ispace/BuildServer/umpfiles/cordovaLibs/plugins/cordova/cordova-plugin-file 
     [echo]  start add plugin /Users/ispace/BuildServer/umpfiles/cordovaLibs/plugins/cordova/cordova-plugin-http 
     [exec] Installing "cordova-plugin-http" for android
     [exec] Plugin dependency "cordova-plugin-file@4.3.2" already fetched, using that version.
     [exec] Dependent plugin "cordova-plugin-file" already installed on android.
     [echo]  end add plugin /Users/ispace/BuildServer/umpfiles/cordovaLibs/plugins/cordova/cordova-plugin-http 
     [echo]  start add plugin /Users/ispace/BuildServer/umpfiles/cordovaLibs/plugins/cordova/cordova-plugin-camera 
     [exec] Installing "cordova-plugin-camera" for android
     [exec] Plugin dependency "cordova-plugin-compat@1.1.0" already fetched, using that version.
     [exec] Dependent plugin "cordova-plugin-compat" already installed on android.
     [exec] Subproject Path: CordovaLib
     [echo]  end add plugin /Users/ispace/BuildServer/umpfiles/cordovaLibs/plugins/cordova/cordova-plugin-camera 
     [echo] === end add plugin ===

BUILD SUCCESSFUL
Total time: 25 seconds

buildAndroid:
     [echo] Start Build Android App
     [echo] /usr/local/bin/cordova build android --release -- --keystore /Users/dongzhk/BuildServer/umpfiles/profile/ump.keystore --alias ump --storePassword 123456 --password umpump
     [echo] Build base Dir /Users/ispace/BuildServer/umpfiles/userfiles/5175/27260/project/ljjxs
     [exec] ANDROID_HOME=/Applications/android-sdk-macosx-r16
     [exec] JAVA_HOME=/Library/Java/JavaVirtualMachines/jdk1.8.0_73.jdk/Contents/Home
     [exec] Reading build config file: /Users/ispace/BuildServer/umpfiles/userfiles/5175/27260/project/ljjxs/build.json
     [exec] Reading the keystore from: /Users/ispace/BuildServer/umpfiles/profile/32/ump_20170619164555.keystore
     [exec] Subproject Path: CordovaLib
     [exec] Parallel execution is an incubating feature.
     [exec] Failed to notify ProjectEvaluationListener.afterEvaluate(), but primary configuration failure takes precedence.
     [exec] java.lang.Illega
     [exec] BUILD FAILED
     [exec] 
     [exec] Total time: 0.741 secs
     [exec] lStateException: buildToolsVersion is not specified.
     [exec] 	at com.google.common.base.Preconditions.checkState(Preconditions.java:173)
     [exec] 	at com.android.build.gradle.BasePlugin.createAndroidTasks(BasePlugin.java:645)
     [exec] 	at com.android.build.gradle.BasePlugin$10.call(BasePlugin.java:608)
     [exec] 	at com.android.build.gradle.BasePlugin$10.call(BasePlugin.java:605)
     [exec] 	at com.android.builder.profile.ThreadRecorder.record(ThreadRecorder.java:156)
     [exec] 	at com.android.builder.profile.ThreadRecorder.record(ThreadRecorder.java:120)
     [exec] 	at com.android.build.gradle.BasePlugin.lambda$createTasks$1(BasePlugin.java:603)
     [exec] 	at org.gradle.internal.event.BroadcastDispatch$ActionInvocationHandler.dispatch(BroadcastDispatch.java:93)
     [exec] 	at org.gradle.internal.event.BroadcastDispatch$ActionInvocationHandler.dispatch(BroadcastDispatch.java:82)
     [exec] 	at org.gradle.internal.event.AbstractBroadcastDispatch.dispatch(AbstractBroadcastDispatch.java:44)
     [exec] 	at org.gradle.internal.event.BroadcastDispatch.dispatch(BroadcastDispatch.java:79)
     [exec] 	at org.gradle.internal.event.BroadcastDispatch.dispatch(BroadcastDispatch.java:30)
     [exec] 	at org.gradle.internal.dispatch.ProxyDispatchAdapter$DispatchingInvocationHandler.invoke(ProxyDispatchAdapter.java:93)
     [exec] 	at com.sun.proxy.$Proxy10.afterEvaluate(Unknown Source)
     [exec] 	at org.gradle.configuration.project.LifecycleProjectEvaluator.notifyAfterEvaluate(LifecycleProjectEvaluator.java:67)
     [exec] 	at org.gradle.configuration.project.LifecycleProjectEvaluator.evaluate(LifecycleProjectEvaluator.java:61)
     [exec] 	at org.gradle.api.internal.project.AbstractProject.evaluate(AbstractProject.java:540)
     [exec] 	at org.gradle.api.internal.project.AbstractProject.evaluate(AbstractProject.java:93)
     [exec] 	at org.gradle.execution.TaskPathProjectEvaluator.configureHierarchy(TaskPathProjectEvaluator.java:42)
     [exec] 	at org.gradle.configuration.DefaultBuildConfigurer.configure(DefaultBuildConfigurer.java:35)
     [exec] 	at org.gradle.initialization.DefaultGradleLauncher$2.run(DefaultGradleLauncher.java:124)
     [exec] 	at org.gradle.internal.Factories$1.create(Factories.java:22)
     [exec] 	at org.gradle.internal.progress.DefaultBuildOperationExecutor.run(DefaultBuildOperationExecutor.java:91)
     [exec] 	at org.gradle.internal.progress.DefaultBuildOperationExecutor.run(DefaultBuildOperationExecutor.java:53)
     [exec] 	at org.gradle.initialization.DefaultGradleLauncher.doBuildStages(DefaultGradleLauncher.java:121)
     [exec] 	at org.gradle.initialization.DefaultGradleLauncher.access$200(DefaultGradleLauncher.java:32)
     [exec] 	at org.gradle.initialization.DefaultGradleLauncher$1.create(DefaultGradleLauncher.java:98)
     [exec] 	at org.gradle.initialization.DefaultGradleLauncher$1.create(DefaultGradleLauncher.java:92)
     [exec] 	at org.gradle.internal.progress.DefaultBuildOperationExecutor.run(DefaultBuildOperationExecutor.java:91)
     [exec] 	at org.gradle.internal.progress.DefaultBuildOperationExecutor.run(DefaultBuildOperationExecutor.java:63)
     [exec] 	at org.gradle.initialization.DefaultGradleLauncher.doBuild(DefaultGradleLauncher.java:92)
     [exec] 	at org.gradle.initialization.DefaultGradleLauncher.run(DefaultGradleLauncher.java:83)
     [exec] 	at org.gradle.launcher.exec.InProcessBuildActionExecuter$DefaultBuildController.run(InProcessBuildActionExecuter.java:99)
     [exec] 	at org.gradle.tooling.internal.provider.ExecuteBuildActionRunner.run(ExecuteBuildActionRunner.java:28)
     [exec] 	at org.gradle.launcher.exec.ChainingBuildActionRunner.run(ChainingBuildActionRunner.java:35)
     [exec] 	at org.gradle.launcher.exec.InProcessBuildActionExecuter.execute(InProcessBuildActionExecuter.java:48)
     [exec] 	at org.gradle.launcher.exec.InProcessBuildActionExecuter.execute(InProcessBuildActionExecuter.java:30)
     [exec] 	at org.gradle.launcher.exec.ContinuousBuildActionExecuter.execute(ContinuousBuildActionExecuter.java:81)
     [exec] 	at org.gradle.launcher.exec.ContinuousBuildActionExecuter.execute(ContinuousBuildActionExecuter.java:46)
     [exec] 	at org.gradle.launcher.daemon.server.exec.ExecuteBuild.doBuild(ExecuteBuild.java:52)
     [exec] 	at org.gradle.launcher.daemon.server.exec.BuildCommandOnly.execute(BuildCommandOnly.java:36)
     [exec] 	at org.gradle.launcher.daemon.server.api.DaemonCommandExecution.proceed(DaemonCommandExecution.java:120)
     [exec] 	at org.gradle.launcher.daemon.server.exec.WatchForDisconnection.execute(WatchForDisconnection.java:37)
     [exec] 	at org.gradle.launcher.daemon.server.api.DaemonCommandExecution.proceed(DaemonCommandExecution.java:120)
     [exec] 	at org.gradle.launcher.daemon.server.exec.ResetDeprecationLogger.execute(ResetDeprecationLogger.java:26)
     [exec] 	at org.gradle.launcher.daemon.server.api.DaemonCommandExecution.proceed(DaemonCommandExecution.java:120)
     [exec] 	at org.gradle.launcher.daemon.server.exec.RequestStopIfSingleUsedDaemon.execute(RequestStopIfSingleUsedDaemon.java:34)
     [exec] 	at org.gradle.launcher.daemon.server.api.DaemonCommandExecution.proceed(DaemonCommandExecution.java:120)
     [exec] 	at org.gradle.launcher.daemon.server.exec.ForwardClientInput$2.call(ForwardClientInput.java:74)
     [exec] 	at org.gradle.launcher.daemon.server.exec.ForwardClientInput$2.call(ForwardClientInput.java:72)
     [exec] 	at org.gradle.util.Swapper.swap(Swapper.java:38)
     [exec] 	at org.gradle.launcher.daemon.server.exec.ForwardClientInput.execute(ForwardClientInput.java:72)
     [exec] 	at org.gradle.launcher.daemon.server.api.DaemonCommandExecution.proceed(DaemonCommandExecution.java:120)
     [exec] 	at org.gradle.launcher.daemon.server.health.DaemonHealthTracker.execute(DaemonHealthTracker.java:47)
     [exec] 	at org.gradle.launcher.daemon.server.api.DaemonCommandExecution.proceed(DaemonCommandExecution.java:120)
     [exec] 	at org.gradle.launcher.daemon.server.exec.LogToClient.doBuild(LogToClient.java:60)
     [exec] 	at org.gradle.launcher.daemon.server.exec.BuildCommandOnly.execute(BuildCommandOnly.java:36)
     [exec] 	at org.gradle.launcher.daemon.server.api.DaemonCommandExecution.proceed(DaemonCommandExecution.java:120)
     [exec] 	at org.gradle.launcher.daemon.server.exec.EstablishBuildEnvironment.doBuild(EstablishBuildEnvironment.java:72)
     [exec] 	at org.gradle.launcher.daemon.server.exec.BuildCommandOnly.execute(BuildCommandOnly.java:36)
     [exec] 	at org.gradle.launcher.daemon.server.api.DaemonCommandExecution.proceed(DaemonCommandExecution.java:120)
     [exec] 	at org.gradle.launcher.daemon.server.health.HintGCAfterBuild.execute(HintGCAfterBuild.java:41)
     [exec] 	at org.gradle.launcher.daemon.server.api.DaemonCommandExecution.proceed(DaemonCommandExecution.java:120)
     [exec] 	at org.gradle.launcher.daemon.server.exec.StartBuildOrRespondWithBusy$1.run(StartBuildOrRespondWithBusy.java:50)
     [exec] 	at org.gradle.launcher.daemon.server.DaemonStateCoordinator$1.run(DaemonStateCoordinator.java:237)
     [exec] 	at org.gradle.internal.concurrent.ExecutorPolicy$CatchAndRecordFailures.onExecute(ExecutorPolicy.java:54)
     [exec] 	at org.gradle.internal.concurrent.StoppableExecutorImpl$1.run(StoppableExecutorImpl.java:40)
     [exec] 	at java.util.concurrent.ThreadPoolExecutor.runWorker(ThreadPoolExecutor.java:1142)
     [exec] 	at java.util.concurrent.ThreadPoolExecutor$Worker.run(ThreadPoolExecutor.java:617)
     [exec] 	at java.lang.Thread.run(Thread.java:745)
     [exec] 
     [exec] FAILURE: Build failed with an exception.
     [exec] 
     [exec] * Where:
     [exec] Script '/Users/ispace/BuildServer/umpfiles/userfiles/5175/27260/project/ljjxs/platforms/android/CordovaLib/cordova.gradle' line: 128
     [exec] 
     [exec] * What went wrong:
     [exec] A problem occurred evaluating root project 'android'.
     [exec] > No match found
     [exec] 
     [exec] * Try:
     [exec] Run with --stacktrace option to get the stack trace. Run with --info or --debug option to get more log output.
     [exec] Error: /Users/ispace/BuildServer/umpfiles/userfiles/5175/27260/project/ljjxs/platforms/android/gradlew: Command failed with exit code 1 Error output:
     [exec] Failed to notify ProjectEvaluationListener.afterEvaluate(), but primary configuration failure takes precedence.
     [exec] java.lang.IllegalStateException: buildToolsVersion is not specified.
     [exec] 	at com.google.common.base.Preconditions.checkState(Preconditions.java:173)
     [exec] 	at com.android.build.gradle.BasePlugin.createAndroidTasks(BasePlugin.java:645)
     [exec] 	at com.android.build.gradle.BasePlugin$10.call(BasePlugin.java:608)
     [exec] 	at com.android.build.gradle.BasePlugin$10.call(BasePlugin.java:605)
     [exec] 	at com.android.builder.profile.ThreadRecorder.record(ThreadRecorder.java:156)
     [exec] 	at com.android.builder.profile.ThreadRecorder.record(ThreadRecorder.java:120)
     [exec] 	at com.android.build.gradle.BasePlugin.lambda$createTasks$1(BasePlugin.java:603)
     [exec] 	at org.gradle.internal.event.BroadcastDispatch$ActionInvocationHandler.dispatch(BroadcastDispatch.java:93)
     [exec] 	at org.gradle.internal.event.BroadcastDispatch$ActionInvocationHandler.dispatch(BroadcastDispatch.java:82)
     [exec] 	at org.gradle.internal.event.AbstractBroadcastDispatch.dispatch(AbstractBroadcastDispatch.java:44)
     [exec] 	at org.gradle.internal.event.BroadcastDispatch.dispatch(BroadcastDispatch.java:79)
     [exec] 	at org.gradle.internal.event.BroadcastDispatch.dispatch(BroadcastDispatch.java:30)
     [exec] 	at org.gradle.internal.dispatch.ProxyDispatchAdapter$DispatchingInvocationHandler.invoke(ProxyDispatchAdapter.java:93)
     [exec] 	at com.sun.proxy.$Proxy10.afterEvaluate(Unknown Source)
     [exec] 	at org.gradle.configuration.project.LifecycleProjectEvaluator.notifyAfterEvaluate(LifecycleProjectEvaluator.java:67)
     [exec] 	at org.gradle.configuration.project.LifecycleProjectEvaluator.evaluate(LifecycleProjectEvaluator.java:61)
     [exec] 	at org.gradle.api.internal.project.AbstractProject.evaluate(AbstractProject.java:540)
     [exec] 	at org.gradle.api.internal.project.AbstractProject.evaluate(AbstractProject.java:93)
     [exec] 	at org.gradle.execution.TaskPathProjectEvaluator.configureHierarchy(TaskPathProjectEvaluator.java:42)
     [exec] 	at org.gradle.configuration.DefaultBuildConfigurer.configure(DefaultBuildConfigurer.java:35)
     [exec] 	at org.gradle.initialization.DefaultGradleLauncher$2.run(DefaultGradleLauncher.java:124)
     [exec] 	at org.gradle.internal.Factories$1.create(Factories.java:22)
     [exec] 	at org.gradle.internal.progress.DefaultBuildOperationExecutor.run(DefaultBuildOperationExecutor.java:91)
     [exec] 	at org.gradle.internal.progress.DefaultBuildOperationExecutor.run(DefaultBuildOperationExecutor.java:53)
     [exec] 	at org.gradle.initialization.DefaultGradleLauncher.doBuildStages(DefaultGradleLauncher.java:121)
     [exec] 	at org.gradle.initialization.DefaultGradleLauncher.access$200(DefaultGradleLauncher.java:32)
     [exec] 	at org.gradle.initialization.DefaultGradleLauncher$1.create(DefaultGradleLauncher.java:98)
     [exec] 	at org.gradle.initialization.DefaultGradleLauncher$1.create(DefaultGradleLauncher.java:92)
     [exec] 	at org.gradle.internal.progress.DefaultBuildOperationExecutor.run(DefaultBuildOperationExecutor.java:91)
     [exec] 	at org.gradle.internal.progress.DefaultBuildOperationExecutor.run(DefaultBuildOperationExecutor.java:63)
     [exec] 	at org.gradle.initialization.DefaultGradleLauncher.doBuild(DefaultGradleLauncher.java:92)
     [exec] 	at org.gradle.initialization.DefaultGradleLauncher.run(DefaultGradleLauncher.java:83)
     [exec] 	at org.gradle.launcher.exec.InProcessBuildActionExecuter$DefaultBuildController.run(InProcessBuildActionExecuter.java:99)
     [exec] 	at org.gradle.tooling.internal.provider.ExecuteBuildActionRunner.run(ExecuteBuildActionRunner.java:28)
     [exec] 	at org.gradle.launcher.exec.ChainingBuildActionRunner.run(ChainingBuildActionRunner.java:35)
     [exec] 	at org.gradle.launcher.exec.InProcessBuildActionExecuter.execute(InProcessBuildActionExecuter.java:48)
     [exec] 	at org.gradle.launcher.exec.InProcessBuildActionExecuter.execute(InProcessBuildActionExecuter.java:30)
     [exec] 	at org.gradle.launcher.exec.ContinuousBuildActionExecuter.execute(ContinuousBuildActionExecuter.java:81)
     [exec] 	at org.gradle.launcher.exec.ContinuousBuildActionExecuter.execute(ContinuousBuildActionExecuter.java:46)
     [exec] 	at org.gradle.launcher.daemon.server.exec.ExecuteBuild.doBuild(ExecuteBuild.java:52)
     [exec] 	at org.gradle.launcher.daemon.server.exec.BuildCommandOnly.execute(BuildCommandOnly.java:36)
     [exec] 	at org.gradle.launcher.daemon.server.api.DaemonCommandExecution.proceed(DaemonCommandExecution.java:120)
     [exec] 	at org.gradle.launcher.daemon.server.exec.WatchForDisconnection.execute(WatchForDisconnection.java:37)
     [exec] 	at org.gradle.launcher.daemon.server.api.DaemonCommandExecution.proceed(DaemonCommandExecution.java:120)
     [exec] 	at org.gradle.launcher.daemon.server.exec.ResetDeprecationLogger.execute(ResetDeprecationLogger.java:26)
     [exec] 	at org.gradle.launcher.daemon.server.api.DaemonCommandExecution.proceed(DaemonCommandExecution.java:120)
     [exec] 	at org.gradle.launcher.daemon.server.exec.RequestStopIfSingleUsedDaemon.execute(RequestStopIfSingleUsedDaemon.java:34)
     [exec] 	at org.gradle.launcher.daemon.server.api.DaemonCommandExecution.proceed(DaemonCommandExecution.java:120)
     [exec] 	at org.gradle.launcher.daemon.server.exec.ForwardClientInput$2.call(ForwardClientInput.java:74)
     [exec] 	at org.gradle.launcher.daemon.server.exec.ForwardClientInput$2.call(ForwardClientInput.java:72)
     [exec] 	at org.gradle.util.Swapper.swap(Swapper.java:38)
     [exec] 	at org.gradle.launcher.daemon.server.exec.ForwardClientInput.execute(ForwardClientInput.java:72)
     [exec] 	at org.gradle.launcher.daemon.server.api.DaemonCommandExecution.proceed(DaemonCommandExecution.java:120)
     [exec] 	at org.gradle.launcher.daemon.server.health.DaemonHealthTracker.execute(DaemonHealthTracker.java:47)
     [exec] 	at org.gradle.launcher.daemon.server.api.DaemonCommandExecution.proceed(DaemonCommandExecution.java:120)
     [exec] 	at org.gradle.launcher.daemon.server.exec.LogToClient.doBuild(LogToClient.java:60)
     [exec] 	at org.gradle.launcher.daemon.server.exec.BuildCommandOnly.execute(BuildCommandOnly.java:36)
     [exec] 	at org.gradle.launcher.daemon.server.api.DaemonCommandExecution.proceed(DaemonCommandExecution.java:120)
     [exec] 	at org.gradle.launcher.daemon.server.exec.EstablishBuildEnvironment.doBuild(EstablishBuildEnvironment.java:72)
     [exec] 	at org.gradle.launcher.daemon.server.exec.BuildCommandOnly.execute(BuildCommandOnly.java:36)
     [exec] 	at org.gradle.launcher.daemon.server.api.DaemonCommandExecution.proceed(DaemonCommandExecution.java:120)
     [exec] 	at org.gradle.launcher.daemon.server.health.HintGCAfterBuild.execute(HintGCAfterBuild.java:41)
     [exec] 	at org.gradle.launcher.daemon.server.api.DaemonCommandExecution.proceed(DaemonCommandExecution.java:120)
     [exec] 	at org.gradle.launcher.daemon.server.exec.StartBuildOrRespondWithBusy$1.run(StartBuildOrRespondWithBusy.java:50)
     [exec] 	at org.gradle.launcher.daemon.server.DaemonStateCoordinator$1.run(DaemonStateCoordinator.java:237)
     [exec] 	at org.gradle.internal.concurrent.ExecutorPolicy$CatchAndRecordFailures.onExecute(ExecutorPolicy.java:54)
     [exec] 	at org.gradle.internal.concurrent.StoppableExecutorImpl$1.run(StoppableExecutorImpl.java:40)
     [exec] 	at java.util.concurrent.ThreadPoolExecutor.runWorker(ThreadPoolExecutor.java:1142)
     [exec] 	at java.util.concurrent.ThreadPoolExecutor$Worker.run(ThreadPoolExecutor.java:617)
     [exec] 	at java.lang.Thread.run(Thread.java:745)
     [exec] 
     [exec] FAILURE: Build failed with an exception.
     [exec] 
     [exec] * Where:
     [exec] Script '/Users/ispace/BuildServer/umpfiles/userfiles/5175/27260/project/ljjxs/platforms/android/CordovaLib/cordova.gradle' line: 128
     [exec] 
     [exec] * What went wrong:
     [exec] A problem occurred evaluating root project 'android'.
     [exec] > No match found
     [exec] 
     [exec] * Try:
     [exec] Run with --stacktrace option to get the stack trace. Run with --info or --debug option to get more log output.

BUILD FAILED
/Users/ispace/BuildServer/apache-tomcat-7.0.73/webapps/ump/WEB-INF/classes/cordovaTemplate/cordova-build.xml:26: exec returned: 1

Total time: 2 seconds

2018-08-14 17:19:28:
打包结果:
{"result":false,"message":"构建出现错误！打包失败！"}
BUILD FAILED 
 